2018-12-09 20:13:19 2452 [Note] Plugin 'FEDERATED' is disabled.
2018-12-09 20:13:19 2452 [Note] InnoDB: The InnoDB memory heap is disabled
2018-12-09 20:13:19 2452 [Note] InnoDB: Mutexes and rw_locks use Windows interlocked functions
2018-12-09 20:13:19 2452 [Note] InnoDB: Compressed tables use zlib 1.2.3
2018-12-09 20:13:19 2452 [Note] InnoDB: Not using CPU crc32 instructions
2018-12-09 20:13:19 2452 [Note] InnoDB: Initializing buffer pool, size = 128.0M
2018-12-09 20:13:19 2452 [Note] InnoDB: Completed initialization of buffer pool
2018-12-09 20:13:19 2452 [Note] InnoDB: Highest supported file format is Barracuda.
2018-12-09 20:13:19 2452 [Note] InnoDB: The log sequence numbers 1626134 and 1626134 in ibdata files do not match the log sequence number 2626385 in the ib_logfiles!
2018-12-09 20:13:19 2452 [Note] InnoDB: Database was not shutdown normally!
2018-12-09 20:13:19 2452 [Note] InnoDB: Starting crash recovery.
2018-12-09 20:13:19 2452 [Note] InnoDB: Reading tablespace information from the .ibd files...
2018-12-09 20:13:19 2452 [Note] InnoDB: Restoring possible half-written data pages 
2018-12-09 20:13:19 2452 [Note] InnoDB: from the doublewrite buffer...
2018-12-09 20:13:19 2452 [Note] InnoDB: 128 rollback segment(s) are active.
2018-12-09 20:13:19 2452 [Note] InnoDB: Waiting for purge to start
2018-12-09 20:13:19 2452 [Note] InnoDB: 5.6.13 started; log sequence number 2626385
2018-12-09 20:13:19 2452 [Note] Server hostname (bind-address): '*'; port: 3306
2018-12-09 20:13:19 2452 [Note] IPv6 is available.
2018-12-09 20:13:19 2452 [Note]   - '::' resolves to '::';
2018-12-09 20:13:19 2452 [Note] Server socket created on IP: '::'.
2018-12-09 20:13:33 12872 [Note] Plugin 'FEDERATED' is disabled.
2018-12-09 20:13:33 12872 [Note] InnoDB: The InnoDB memory heap is disabled
2018-12-09 20:13:33 12872 [Note] InnoDB: Mutexes and rw_locks use Windows interlocked functions
2018-12-09 20:13:33 12872 [Note] InnoDB: Compressed tables use zlib 1.2.3
2018-12-09 20:13:33 12872 [Note] InnoDB: Not using CPU crc32 instructions
2018-12-09 20:13:33 12872 [Note] InnoDB: Initializing buffer pool, size = 128.0M
2018-12-09 20:13:33 12872 [Note] InnoDB: Completed initialization of buffer pool
2018-12-09 20:13:33 12872 [Note] InnoDB: Highest supported file format is Barracuda.
2018-12-09 20:13:33 12872 [Note] InnoDB: The log sequence numbers 1626134 and 1626134 in ibdata files do not match the log sequence number 2626395 in the ib_logfiles!
2018-12-09 20:13:33 12872 [Note] InnoDB: Database was not shutdown normally!
2018-12-09 20:13:33 12872 [Note] InnoDB: Starting crash recovery.
2018-12-09 20:13:33 12872 [Note] InnoDB: Reading tablespace information from the .ibd files...
2018-12-09 20:13:33 12872 [Note] InnoDB: Restoring possible half-written data pages 
2018-12-09 20:13:33 12872 [Note] InnoDB: from the doublewrite buffer...
2018-12-09 20:13:34 12872 [Note] InnoDB: 128 rollback segment(s) are active.
2018-12-09 20:13:34 12872 [Note] InnoDB: Waiting for purge to start
2018-12-09 20:13:34 12872 [Note] InnoDB: 5.6.13 started; log sequence number 2626395
2018-12-09 20:13:34 12872 [Note] Server hostname (bind-address): '*'; port: 3306
2018-12-09 20:13:34 12872 [Note] IPv6 is available.
2018-12-09 20:13:34 12872 [Note]   - '::' resolves to '::';
2018-12-09 20:13:34 12872 [Note] Server socket created on IP: '::'.
2018-12-11 18:50:33 700 [Note] Plugin 'FEDERATED' is disabled.
2018-12-11 18:50:34 700 [Note] InnoDB: The InnoDB memory heap is disabled
2018-12-11 18:50:34 700 [Note] InnoDB: Mutexes and rw_locks use Windows interlocked functions
2018-12-11 18:50:34 700 [Note] InnoDB: Compressed tables use zlib 1.2.3
2018-12-11 18:50:34 700 [Note] InnoDB: Not using CPU crc32 instructions
2018-12-11 18:50:34 700 [Note] InnoDB: Initializing buffer pool, size = 128.0M
2018-12-11 18:50:34 700 [Note] InnoDB: Completed initialization of buffer pool
2018-12-11 18:50:34 700 [Note] InnoDB: Highest supported file format is Barracuda.
2018-12-11 18:50:34 700 [Note] InnoDB: The log sequence numbers 1626134 and 1626134 in ibdata files do not match the log sequence number 2626455 in the ib_logfiles!
2018-12-11 18:50:34 700 [Note] InnoDB: Database was not shutdown normally!
2018-12-11 18:50:34 700 [Note] InnoDB: Starting crash recovery.
2018-12-11 18:50:34 700 [Note] InnoDB: Reading tablespace information from the .ibd files...
2018-12-11 18:50:34 700 [Note] InnoDB: Restoring possible half-written data pages 
2018-12-11 18:50:34 700 [Note] InnoDB: from the doublewrite buffer...
2018-12-11 18:50:34 700 [Note] InnoDB: 128 rollback segment(s) are active.
2018-12-11 18:50:34 700 [Note] InnoDB: Waiting for purge to start
2018-12-11 18:50:34 700 [Note] InnoDB: 5.6.13 started; log sequence number 2626455
2018-12-11 18:50:34 700 [Note] Server hostname (bind-address): '*'; port: 3306
2018-12-11 18:50:34 700 [Note] IPv6 is available.
2018-12-11 18:50:34 700 [Note]   - '::' resolves to '::';
2018-12-11 18:50:34 700 [Note] Server socket created on IP: '::'.
